CRITICAL - 2022-01-19 08:22:22 --> include(inc/koneksi.php): Failed to open stream: No such file or directory
#0 D:\kuliah\xampp\htdocs\ci4\app\Views\index.php(15): CodeIgniter\Debug\Exceptions->errorHandler(2, 'include(inc/kon...', 'D:\\kuliah\\xampp...', 15)
#1 D:\kuliah\xampp\htdocs\ci4\app\Views\index.php(15): include()
#2 D:\kuliah\xampp\htdocs\ci4\system\View\View.php(210): include('D:\\kuliah\\xampp...')
#3 D:\kuliah\xampp\htdocs\ci4\system\View\View.php(213): CodeIgniter\View\View->CodeIgniter\View\{closure}()
#4 D:\kuliah\xampp\htdocs\ci4\system\Common.php(1089): CodeIgniter\View\View->render('index', Array, true)
#5 D:\kuliah\xampp\htdocs\ci4\app\Controllers\Home.php(9): view('index')
#6 D:\kuliah\xampp\htdocs\ci4\system\CodeIgniter.php(825): App\Controllers\Home->index()
#7 D:\kuliah\xampp\htdocs\ci4\system\CodeIgniter.php(412): CodeIgniter\CodeIgniter->runController(Object(App\Controllers\Home))
#8 D:\kuliah\xampp\htdocs\ci4\system\CodeIgniter.php(320): CodeIgniter\CodeIgniter->handleRequest(NULL, Object(Config\Cache), false)
#9 D:\kuliah\xampp\htdocs\ci4\public\index.php(37): CodeIgniter\CodeIgniter->run()
#10 {main}
CRITICAL - 2022-01-19 08:22:33 --> include(inc/koneksi.php): Failed to open stream: No such file or directory
#0 D:\kuliah\xampp\htdocs\ci4\app\Views\index.php(15): CodeIgniter\Debug\Exceptions->errorHandler(2, 'include(inc/kon...', 'D:\\kuliah\\xampp...', 15)
#1 D:\kuliah\xampp\htdocs\ci4\app\Views\index.php(15): include()
#2 D:\kuliah\xampp\htdocs\ci4\system\View\View.php(210): include('D:\\kuliah\\xampp...')
#3 D:\kuliah\xampp\htdocs\ci4\system\View\View.php(213): CodeIgniter\View\View->CodeIgniter\View\{closure}()
#4 D:\kuliah\xampp\htdocs\ci4\system\Common.php(1089): CodeIgniter\View\View->render('index', Array, true)
#5 D:\kuliah\xampp\htdocs\ci4\app\Controllers\Home.php(9): view('index')
#6 D:\kuliah\xampp\htdocs\ci4\system\CodeIgniter.php(825): App\Controllers\Home->index()
#7 D:\kuliah\xampp\htdocs\ci4\system\CodeIgniter.php(412): CodeIgniter\CodeIgniter->runController(Object(App\Controllers\Home))
#8 D:\kuliah\xampp\htdocs\ci4\system\CodeIgniter.php(320): CodeIgniter\CodeIgniter->handleRequest(NULL, Object(Config\Cache), false)
#9 D:\kuliah\xampp\htdocs\ci4\public\index.php(37): CodeIgniter\CodeIgniter->run()
#10 {main}
CRITICAL - 2022-01-19 08:23:36 --> include(inc/koneksi.php): Failed to open stream: No such file or directory
#0 D:\kuliah\xampp\htdocs\ci4\app\Views\login.php(2): CodeIgniter\Debug\Exceptions->errorHandler(2, 'include(inc/kon...', 'D:\\kuliah\\xampp...', 2)
#1 D:\kuliah\xampp\htdocs\ci4\app\Views\login.php(2): include()
#2 D:\kuliah\xampp\htdocs\ci4\system\View\View.php(210): include('D:\\kuliah\\xampp...')
#3 D:\kuliah\xampp\htdocs\ci4\system\View\View.php(213): CodeIgniter\View\View->CodeIgniter\View\{closure}()
#4 D:\kuliah\xampp\htdocs\ci4\system\Common.php(1089): CodeIgniter\View\View->render('login', Array, true)
#5 D:\kuliah\xampp\htdocs\ci4\app\Controllers\Home.php(9): view('login')
#6 D:\kuliah\xampp\htdocs\ci4\system\CodeIgniter.php(825): App\Controllers\Home->index()
#7 D:\kuliah\xampp\htdocs\ci4\system\CodeIgniter.php(412): CodeIgniter\CodeIgniter->runController(Object(App\Controllers\Home))
#8 D:\kuliah\xampp\htdocs\ci4\system\CodeIgniter.php(320): CodeIgniter\CodeIgniter->handleRequest(NULL, Object(Config\Cache), false)
#9 D:\kuliah\xampp\htdocs\ci4\public\index.php(37): CodeIgniter\CodeIgniter->run()
#10 {main}
